0 info it worked if it ends with ok
1 verbose cli [ '/usr/bin/nodejs', '/usr/bin/npm', 'version', 'patch' ]
2 info using npm@4.1.2
3 info using node@v7.7.1
4 info git [ 'status', '--porcelain' ]
5 verbose stack Error: Git working directory not clean.
5 verbose stack M README.md
5 verbose stack     at /usr/lib/node_modules/npm/lib/version.js:247:19
5 verbose stack     at /usr/lib/node_modules/npm/lib/utils/no-progress-while-running.js:21:8
5 verbose stack     at ChildProcess.exithandler (child_process.js:201:7)
5 verbose stack     at emitTwo (events.js:106:13)
5 verbose stack     at ChildProcess.emit (events.js:194:7)
5 verbose stack     at maybeClose (internal/child_process.js:899:16)
5 verbose stack     at Socket.<anonymous> (internal/child_process.js:342:11)
5 verbose stack     at emitOne (events.js:96:13)
5 verbose stack     at Socket.emit (events.js:191:7)
5 verbose stack     at Pipe._handle.close [as _onclose] (net.js:504:12)
6 verbose cwd /home/ridho/Desktop/HACTIV8/phase-2/week-4/day-3/npm-package
7 error Linux 4.8.0-49-generic
8 error argv "/usr/bin/nodejs" "/usr/bin/npm" "version" "patch"
9 error node v7.7.1
10 error npm  v4.1.2
11 error Git working directory not clean.
11 error M README.md
12 error If you need help, you may report this error at:
12 error     <https://github.com/npm/npm/issues>
13 verbose exit [ 1, true ]
